<?xml version="1.0" encoding="UTF-8"?>
<testsuite name="ru.stqa.pft.addressbook.tests.GroupCreationTests" tests="4" skipped="0" failures="0" errors="0" timestamp="2018-09-06T23:01:26" hostname="5E95" time="8.81">
  <properties/>
  <testcase name="testBadGroupCreation" classname="ru.stqa.pft.addressbook.tests.GroupCreationTests" time="2.711"/>
  <testcase name="testGroupCreation[0](GroupData{id='0', name='test 0'})" classname="ru.stqa.pft.addressbook.tests.GroupCreationTests" time="1.869"/>
  <testcase name="testGroupCreation[1](GroupData{id='0', name='test 1'})" classname="ru.stqa.pft.addressbook.tests.GroupCreationTests" time="1.977"/>
  <testcase name="testGroupCreation[2](GroupData{id='0', name='test 2'})" classname="ru.stqa.pft.addressbook.tests.GroupCreationTests" time="2.017"/>
  <system-out><![CDATA[]]></system-out>
  <system-err><![CDATA[]]></system-err>
</testsuite>
